<?xml version="1.0" encoding="UTF-8"?>
<!-- Generated by org.testng.reporters.JUnitReportReporter -->
<testsuite hostname="DESKTOP-3EB4RTA" failures="0" tests="1" name="End2EndFlow_Luma" time="53.980" errors="0" timestamp="2024-08-11T17:37:59 IST" skipped="0">
  <testcase classname="End2EndFlow_Luma" name="endToEndFlow" time="53.980"/>
  <system-out/>
</testsuite> <!-- End2EndFlow_Luma -->
