<?xml version="1.0" encoding="UTF-8"?>
<!-- Generated by org.testng.reporters.JUnitReportReporter -->
<testsuite hostname="DESKTOP-3EB4RTA" failures="0" tests="1" name="Luma_Test.tests.Luma_Login_Test" time="12.532" errors="0" timestamp="2024-08-17T11:24:11 IST" skipped="0">
  <testcase classname="Luma_Test.tests.Luma_Login_Test" name="checkLoginError" time="12.532"/>
  <system-out/>
</testsuite> <!-- Luma_Test.tests.Luma_Login_Test -->
