<?xml version="1.0" encoding="UTF-8"?>
<!-- Generated by org.testng.reporters.JUnitReportReporter -->
<testsuite hostname="DESKTOP-3EB4RTA" failures="0" tests="3" name="Luma_Test.tests.Luma_PurchaseProducts_Test" time="159.442" errors="0" timestamp="2024-08-25T12:11:58 IST" skipped="0">
  <testcase classname="Luma_Test.tests.Luma_PurchaseProducts_Test" name="luma_Purchase_Products" time="61.686"/>
  <system-out/>
  <testcase classname="Luma_Test.tests.Luma_PurchaseProducts_Test" name="CheckOrderProducts" time="34.815"/>
  <system-out/>
  <testcase classname="Luma_Test.tests.Luma_PurchaseProducts_Test" name="luma_Purchase_Products" time="62.941"/>
  <system-out/>
</testsuite> <!-- Luma_Test.tests.Luma_PurchaseProducts_Test -->
