<?xml version="1.0" encoding="UTF-8"?>
<!-- Generated by org.testng.reporters.JUnitReportReporter -->
<testsuite hostname="DESKTOP-3EB4RTA" failures="0" tests="1" name="Luma_Test.Luma_standalon_Test" time="65.649" errors="0" timestamp="2024-08-11T23:09:59 IST" skipped="0">
  <testcase classname="Luma_Test.Luma_standalon_Test" name="endToEndFlow" time="65.649"/>
  <system-out/>
</testsuite> <!-- Luma_Test.Luma_standalon_Test -->
